<?xml version="1.0" encoding="UTF-8"?>
<!-- Generated by org.testng.reporters.JUnitReportReporter -->
<testsuite hostname="LAPTOP-8P5LPQDI" failures="0" tests="1" name="browserS1.BSTack" time="0.309" errors="0" timestamp="2025-09-03T12:09:18 IST" skipped="0">
  <testcase classname="browserS1.BSTack" name="subsribe" time="0.309"/>
</testsuite> <!-- browserS1.BSTack -->
