<?xml version="1.0" encoding="UTF-8"?>
<!-- Generated by org.testng.reporters.JUnitReportReporter -->
<testsuite hostname="LAPTOP-8P5LPQDI" failures="0" tests="11" name="browserS1.BSTack" time="25.969" errors="0" timestamp="2025-09-03T12:30:12 IST" skipped="0">
  <testcase classname="browserS1.BSTack" name="login" time="1.317"/>
  <testcase classname="browserS1.BSTack" name="deleteitemfromcart" time="4.000"/>
  <testcase classname="browserS1.BSTack" name="shipping" time="2.375"/>
  <testcase classname="browserS1.BSTack" name="search1" time="14.765"/>
  <testcase classname="browserS1.BSTack" name="shopbybrand" time="1.709"/>
  <testcase classname="browserS1.BSTack" name="favorites" time="0.248"/>
  <testcase classname="browserS1.BSTack" name="offers" time="0.282"/>
  <testcase classname="browserS1.BSTack" name="oders" time="0.236"/>
  <testcase classname="browserS1.BSTack" name="privacypolicy" time="0.682"/>
  <testcase classname="browserS1.BSTack" name="logout" time="0.164"/>
  <testcase classname="browserS1.BSTack" name="subsribe" time="0.191"/>
</testsuite> <!-- browserS1.BSTack -->
