<?xml version="1.0" encoding="UTF-8"?>
<!-- Generated by org.testng.reporters.JUnitReportReporter -->
<testsuite hostname="LAPTOP-8P5LPQDI" failures="0" tests="1" name="browserStack.BSTack" time="1.171" errors="0" timestamp="2025-09-02T10:40:23 IST" skipped="0">
  <testcase classname="browserStack.BSTack" name="shopbybrand" time="1.171"/>
</testsuite> <!-- browserStack.BSTack -->
